
2015-04-17 17:32:00
[INFO]-[Thread: main]-[org.eclipse.jetty.server.Server.doStart()]: jetty-8.1.8.v20121106

2015-04-17 17:32:00
[INFO]-[Thread: main]-[org.eclipse.jetty.server.handler.ContextHandler.callContextInitialized()]: started o.e.j.w.WebAppContext{/,file:/E:/eclipse/workspace/fire/src/main/webapp/}

2015-04-17 17:32:00
[INFO]-[Thread: main]-[org.eclipse.jetty.server.handler.ContextHandler.callContextInitialized()]: started o.e.j.w.WebAppContext{/,file:/E:/eclipse/workspace/fire/src/main/webapp/}

2015-04-17 17:32:00
[INFO]-[Thread: main]-[org.eclipse.jetty.server.handler.ContextHandler$Context.log()]: Initializing Shiro environment

2015-04-17 17:32:00
[INFO]-[Thread: main]-[org.apache.shiro.web.env.EnvironmentLoader.initEnvironment()]: Starting Shiro environment initialization.

2015-04-17 17:32:00
[INFO]-[Thread: main]-[org.apache.shiro.config.ReflectionBuilder.createNewInstance()]: An instance with name 'authc' already exists.  Redefining this object as a new instance of type cn.dreampie.shiro.ShiroFormAuthenticationFilter

2015-04-17 17:32:00
[WARN]-[Thread: main]-[net.sf.ehcache.store.disk.DiskStorageFactory.<init>()]: The index for data file C:\Users\poicom7\AppData\Local\Temp\jdbc%0052ealm%002eauthorization%0043ache.data is out of date, probably due to an unclean shutdown. Deleting index file C:\Users\poicom7\AppData\Local\Temp\jdbc%0052ealm%002eauthorization%0043ache.index

2015-04-17 17:32:00
[WARN]-[Thread: main]-[net.sf.ehcache.store.disk.DiskStorageFactory.<init>()]: The index for data file C:\Users\poicom7\AppData\Local\Temp\shiro-active%0053ession%0043ache.data is out of date, probably due to an unclean shutdown. Deleting index file C:\Users\poicom7\AppData\Local\Temp\shiro-active%0053ession%0043ache.index

2015-04-17 17:32:00
[INFO]-[Thread: main]-[org.apache.shiro.cache.ehcache.EhCacheManager.getCache()]: Using existing EHCache named [jdbcRealm.authorizationCache]

2015-04-17 17:32:00
[INFO]-[Thread: main]-[org.apache.shiro.config.IniSecurityManagerFactory.isAutoApplyRealms()]: Realms have been explicitly set on the SecurityManager instance - auto-setting of realms will not occur.

2015-04-17 17:32:00
[INFO]-[Thread: main]-[org.apache.shiro.web.env.EnvironmentLoader.initEnvironment()]: Shiro environment initialized in 522 ms.

2015-04-17 17:32:00
[INFO]-[Thread: main]-[org.eclipse.jetty.server.handler.ContextHandler.callContextInitialized()]: started o.e.j.w.WebAppContext{/,file:/E:/eclipse/workspace/fire/src/main/webapp/}

2015-04-17 17:32:15
[INFO]-[Thread: main]-[com.alibaba.druid.pool.DruidDataSource.init()]: {dataSource-1} inited

2015-04-17 17:32:16
[INFO]-[Thread: main]-[org.quartz.impl.StdSchedulerFactory.instantiate()]: Using default implementation for ThreadExecutor

2015-04-17 17:32:16
[INFO]-[Thread: main]-[org.quartz.core.SchedulerSignalerImpl.<init>()]: Initialized Scheduler Signaller of type: class org.quartz.core.SchedulerSignalerImpl

2015-04-17 17:32:16
[INFO]-[Thread: main]-[org.quartz.core.QuartzScheduler.<init>()]: Quartz Scheduler v.2.2.1 created.

2015-04-17 17:32:16
[INFO]-[Thread: main]-[org.quartz.simpl.RAMJobStore.initialize()]: RAMJobStore initialized.

2015-04-17 17:32:16
[INFO]-[Thread: main]-[org.quartz.core.QuartzScheduler.initialize()]: Scheduler meta-data: Quartz Scheduler (v2.2.1) 'defaultScheduler' with instanceId 'default'
  Scheduler class: 'org.quartz.core.QuartzScheduler' - running locally.
  NOT STARTED.
  Currently in standby mode.
  Number of jobs executed: 0
  Using thread pool 'org.quartz.simpl.SimpleThreadPool' - with 5 threads.
  Using job-store 'org.quartz.simpl.RAMJobStore' - which does not support persistence. and is not clustered.


2015-04-17 17:32:16
[INFO]-[Thread: main]-[org.quartz.impl.StdSchedulerFactory.instantiate()]: Quartz scheduler 'defaultScheduler' initialized from an externally provided properties instance.

2015-04-17 17:32:16
[INFO]-[Thread: main]-[org.quartz.impl.StdSchedulerFactory.instantiate()]: Quartz scheduler version: 2.2.1

2015-04-17 17:32:16
[INFO]-[Thread: main]-[org.quartz.core.QuartzScheduler.start()]: Scheduler defaultScheduler_$_default started.

2015-04-17 17:32:16
[INFO]-[Thread: main]-[com.poicom.common.config.AppConfig.configHandler()]: configHandler 全局配置处理器，主要是记录日志和request域值处理

2015-04-17 17:32:19
[INFO]-[Thread: main]-[com.poicom.common.config.AppConfig.afterJFinalStart()]: afterJFinalStart 启动操作日志入库线程

2015-04-17 17:32:21
[INFO]-[Thread: main]-[org.eclipse.jetty.server.AbstractConnector.doStart()]: Started SelectChannelConnector@0.0.0.0:80

2015-04-17 17:32:26
[INFO]-[Thread: qtp10459258-34]-[org.apache.shiro.cache.ehcache.EhCacheManager.getCache()]: Using existing EHCache named [shiro-activeSessionCache]

2015-04-17 17:38:13
[ERROR]-[Thread: qtp10459258-35]-[freemarker.log._Log4JLoggerFactory$Log4JLogger.error()]: Error executing FreeMarker template
FreeMarker template error:
The following has evaluated to null or missing:
==> Session  [in template "page/common/_header.html" at line 127, column 116]

Tip: If the failing expression is known to be legally null/missing, either specify a default value with myOptionalVar!myDefault, or use <#if myOptionalVar??>when-present<#else>when-missing</#if>. (These only cover the last step of the expression; to cover the whole expression, use parenthessis: (myOptionVar.foo)!myDefault, (myOptionVar.foo)??

The failing instruction (FTL stack trace):
----------
==> ${Session["org.apache.shiro.subject.s...  [in template "page/common/_header.html" at line 127, column 114]
    @shiro.authenticated  [in template "page/common/_header.html" at line 126, column 33]
    #include "/page/common/_header.html"  [in template "page/common/_layout.html" in macro "layout" at line 14, column 9]
    @layout activebar="index" html_title=...  [in template "page/index/index.html" at line 2, column 1]
----------

Java stack trace (for programmers):
----------
freemarker.core.InvalidReferenceException: [... Exception message was already printed; see it above ...]
	at freemarker.core.InvalidReferenceException.getInstance(InvalidReferenceException.java:98)
	at freemarker.core.DynamicKeyName._eval(DynamicKeyName.java:87)
	at freemarker.core.Expression.eval(Expression.java:111)
	at freemarker.core.Expression.evalAndCoerceToString(Expression.java:115)
	at freemarker.core.DollarVariable.accept(DollarVariable.java:76)
	at freemarker.core.Environment.visit(Environment.java:265)
	at freemarker.core.MixedContent.accept(MixedContent.java:93)
	at freemarker.core.Environment.visit(Environment.java:265)
	at freemarker.core.Environment$1.render(Environment.java:313)
	at cn.dreampie.shiro.freemarker.SecureTag.renderBody(SecureTag.java:41)
	at cn.dreampie.shiro.freemarker.AuthenticatedTag.render(AuthenticatedTag.java:37)
	at cn.dreampie.shiro.freemarker.SecureTag.execute(SecureTag.java:17)
	at freemarker.core.Environment.visit(Environment.java:341)
	at freemarker.core.UnifiedCall.accept(UnifiedCall.java:136)
	at freemarker.core.Environment.visit(Environment.java:265)
	at freemarker.core.MixedContent.accept(MixedContent.java:93)
	at freemarker.core.Environment.visit(Environment.java:265)
	at freemarker.core.Environment.include(Environment.java:1712)
	at freemarker.core.Include.accept(Include.java:172)
	at freemarker.core.Environment.visit(Environment.java:265)
	at freemarker.core.MixedContent.accept(MixedContent.java:93)
	at freemarker.core.Environment.visit(Environment.java:265)
	at freemarker.core.Macro$Context.runMacro(Macro.java:209)
	at freemarker.core.Environment.visit(Environment.java:694)
	at freemarker.core.UnifiedCall.accept(UnifiedCall.java:116)
	at freemarker.core.Environment.visit(Environment.java:265)
	at freemarker.core.MixedContent.accept(MixedContent.java:93)
	at freemarker.core.Environment.visit(Environment.java:265)
	at freemarker.core.Environment.process(Environment.java:243)
	at freemarker.template.Template.process(Template.java:277)
	at com.jfinal.render.FreeMarkerRender.render(FreeMarkerRender.java:128)
	at com.poicom.common.freemarker.MyFreeMarkerRender.render(MyFreeMarkerRender.java:27)
	at com.jfinal.core.ActionHandler.handle(ActionHandler.java:92)
	at com.jfinal.ext.handler.ContextPathHandler.handle(ContextPathHandler.java:47)
	at com.jfinal.core.JFinalFilter.doFilter(JFinalFilter.java:72)
	at org.eclipse.jetty.servlet.ServletHandler$CachedChain.doFilter(ServletHandler.java:1307)
	at org.apache.shiro.web.servlet.ProxiedFilterChain.doFilter(ProxiedFilterChain.java:61)
	at org.apache.shiro.web.servlet.AdviceFilter.executeChain(AdviceFilter.java:108)
	at org.apache.shiro.web.servlet.AdviceFilter.doFilterInternal(AdviceFilter.java:137)
	at org.apache.shiro.web.servlet.OncePerRequestFilter.doFilter(OncePerRequestFilter.java:125)
	at org.apache.shiro.web.servlet.ProxiedFilterChain.doFilter(ProxiedFilterChain.java:66)
	at org.apache.shiro.web.servlet.AbstractShiroFilter.executeChain(AbstractShiroFilter.java:449)
	at org.apache.shiro.web.servlet.AbstractShiroFilter$1.call(AbstractShiroFilter.java:365)
	at org.apache.shiro.subject.support.SubjectCallable.doCall(SubjectCallable.java:90)
	at org.apache.shiro.subject.support.SubjectCallable.call(SubjectCallable.java:83)
	at org.apache.shiro.subject.support.DelegatingSubject.execute(DelegatingSubject.java:383)
	at org.apache.shiro.web.servlet.AbstractShiroFilter.doFilterInternal(AbstractShiroFilter.java:362)
	at org.apache.shiro.web.servlet.OncePerRequestFilter.doFilter(OncePerRequestFilter.java:125)
	at org.eclipse.jetty.servlet.ServletHandler$CachedChain.doFilter(ServletHandler.java:1307)
	at org.eclipse.jetty.servlet.ServletHandler.doHandle(ServletHandler.java:453)
	at org.eclipse.jetty.server.handler.ScopedHandler.handle(ScopedHandler.java:137)
	at org.eclipse.jetty.security.SecurityHandler.handle(SecurityHandler.java:560)
	at org.eclipse.jetty.server.session.SessionHandler.doHandle(SessionHandler.java:231)
	at org.eclipse.jetty.server.handler.ContextHandler.doHandle(ContextHandler.java:1072)
	at org.eclipse.jetty.servlet.ServletHandler.doScope(ServletHandler.java:382)
	at org.eclipse.jetty.server.session.SessionHandler.doScope(SessionHandler.java:193)
	at org.eclipse.jetty.server.handler.ContextHandler.doScope(ContextHandler.java:1006)
	at org.eclipse.jetty.server.handler.ScopedHandler.handle(ScopedHandler.java:135)
	at org.eclipse.jetty.server.handler.HandlerWrapper.handle(HandlerWrapper.java:116)
	at org.eclipse.jetty.server.Server.handle(Server.java:365)
	at org.eclipse.jetty.server.AbstractHttpConnection.handleRequest(AbstractHttpConnection.java:485)
	at org.eclipse.jetty.server.AbstractHttpConnection.headerComplete(AbstractHttpConnection.java:926)
	at org.eclipse.jetty.server.AbstractHttpConnection$RequestHandler.headerComplete(AbstractHttpConnection.java:988)
	at org.eclipse.jetty.http.HttpParser.parseNext(HttpParser.java:635)
	at org.eclipse.jetty.http.HttpParser.parseAvailable(HttpParser.java:235)
	at org.eclipse.jetty.server.AsyncHttpConnection.handle(AsyncHttpConnection.java:82)
	at org.eclipse.jetty.io.nio.SelectChannelEndPoint.handle(SelectChannelEndPoint.java:628)
	at org.eclipse.jetty.io.nio.SelectChannelEndPoint$1.run(SelectChannelEndPoint.java:52)
	at org.eclipse.jetty.util.thread.QueuedThreadPool.runJob(QueuedThreadPool.java:608)
	at org.eclipse.jetty.util.thread.QueuedThreadPool$3.run(QueuedThreadPool.java:543)
	at java.lang.Thread.run(Unknown Source)

2015-04-17 17:38:13
[ERROR]-[Thread: qtp10459258-35]-[com.jfinal.core.ActionHandler.handle()]: /
com.jfinal.render.RenderException: freemarker.core.InvalidReferenceException: The following has evaluated to null or missing:
==> Session  [in template "page/common/_header.html" at line 127, column 116]

Tip: If the failing expression is known to be legally null/missing, either specify a default value with myOptionalVar!myDefault, or use <#if myOptionalVar??>when-present<#else>when-missing</#if>. (These only cover the last step of the expression; to cover the whole expression, use parenthessis: (myOptionVar.foo)!myDefault, (myOptionVar.foo)??

The failing instruction (print stack trace for 3 more):
==> ${Session["org.apache.shiro.subject.s...  [in template "page/common/_header.html" at line 127, column 114]
	at com.jfinal.render.FreeMarkerRender.render(FreeMarkerRender.java:130)
	at com.poicom.common.freemarker.MyFreeMarkerRender.render(MyFreeMarkerRender.java:27)
	at com.jfinal.core.ActionHandler.handle(ActionHandler.java:92)
	at com.jfinal.ext.handler.ContextPathHandler.handle(ContextPathHandler.java:47)
	at com.jfinal.core.JFinalFilter.doFilter(JFinalFilter.java:72)
	at org.eclipse.jetty.servlet.ServletHandler$CachedChain.doFilter(ServletHandler.java:1307)
	at org.apache.shiro.web.servlet.ProxiedFilterChain.doFilter(ProxiedFilterChain.java:61)
	at org.apache.shiro.web.servlet.AdviceFilter.executeChain(AdviceFilter.java:108)
	at org.apache.shiro.web.servlet.AdviceFilter.doFilterInternal(AdviceFilter.java:137)
	at org.apache.shiro.web.servlet.OncePerRequestFilter.doFilter(OncePerRequestFilter.java:125)
	at org.apache.shiro.web.servlet.ProxiedFilterChain.doFilter(ProxiedFilterChain.java:66)
	at org.apache.shiro.web.servlet.AbstractShiroFilter.executeChain(AbstractShiroFilter.java:449)
	at org.apache.shiro.web.servlet.AbstractShiroFilter$1.call(AbstractShiroFilter.java:365)
	at org.apache.shiro.subject.support.SubjectCallable.doCall(SubjectCallable.java:90)
	at org.apache.shiro.subject.support.SubjectCallable.call(SubjectCallable.java:83)
	at org.apache.shiro.subject.support.DelegatingSubject.execute(DelegatingSubject.java:383)
	at org.apache.shiro.web.servlet.AbstractShiroFilter.doFilterInternal(AbstractShiroFilter.java:362)
	at org.apache.shiro.web.servlet.OncePerRequestFilter.doFilter(OncePerRequestFilter.java:125)
	at org.eclipse.jetty.servlet.ServletHandler$CachedChain.doFilter(ServletHandler.java:1307)
	at org.eclipse.jetty.servlet.ServletHandler.doHandle(ServletHandler.java:453)
	at org.eclipse.jetty.server.handler.ScopedHandler.handle(ScopedHandler.java:137)
	at org.eclipse.jetty.security.SecurityHandler.handle(SecurityHandler.java:560)
	at org.eclipse.jetty.server.session.SessionHandler.doHandle(SessionHandler.java:231)
	at org.eclipse.jetty.server.handler.ContextHandler.doHandle(ContextHandler.java:1072)
	at org.eclipse.jetty.servlet.ServletHandler.doScope(ServletHandler.java:382)
	at org.eclipse.jetty.server.session.SessionHandler.doScope(SessionHandler.java:193)
	at org.eclipse.jetty.server.handler.ContextHandler.doScope(ContextHandler.java:1006)
	at org.eclipse.jetty.server.handler.ScopedHandler.handle(ScopedHandler.java:135)
	at org.eclipse.jetty.server.handler.HandlerWrapper.handle(HandlerWrapper.java:116)
	at org.eclipse.jetty.server.Server.handle(Server.java:365)
	at org.eclipse.jetty.server.AbstractHttpConnection.handleRequest(AbstractHttpConnection.java:485)
	at org.eclipse.jetty.server.AbstractHttpConnection.headerComplete(AbstractHttpConnection.java:926)
	at org.eclipse.jetty.server.AbstractHttpConnection$RequestHandler.headerComplete(AbstractHttpConnection.java:988)
	at org.eclipse.jetty.http.HttpParser.parseNext(HttpParser.java:635)
	at org.eclipse.jetty.http.HttpParser.parseAvailable(HttpParser.java:235)
	at org.eclipse.jetty.server.AsyncHttpConnection.handle(AsyncHttpConnection.java:82)
	at org.eclipse.jetty.io.nio.SelectChannelEndPoint.handle(SelectChannelEndPoint.java:628)
	at org.eclipse.jetty.io.nio.SelectChannelEndPoint$1.run(SelectChannelEndPoint.java:52)
	at org.eclipse.jetty.util.thread.QueuedThreadPool.runJob(QueuedThreadPool.java:608)
	at org.eclipse.jetty.util.thread.QueuedThreadPool$3.run(QueuedThreadPool.java:543)
	at java.lang.Thread.run(Unknown Source)
Caused by: freemarker.core.InvalidReferenceException: The following has evaluated to null or missing:
==> Session  [in template "page/common/_header.html" at line 127, column 116]

Tip: If the failing expression is known to be legally null/missing, either specify a default value with myOptionalVar!myDefault, or use <#if myOptionalVar??>when-present<#else>when-missing</#if>. (These only cover the last step of the expression; to cover the whole expression, use parenthessis: (myOptionVar.foo)!myDefault, (myOptionVar.foo)??

The failing instruction (print stack trace for 3 more):
==> ${Session["org.apache.shiro.subject.s...  [in template "page/common/_header.html" at line 127, column 114]
	at freemarker.core.InvalidReferenceException.getInstance(InvalidReferenceException.java:98)
	at freemarker.core.DynamicKeyName._eval(DynamicKeyName.java:87)
	at freemarker.core.Expression.eval(Expression.java:111)
	at freemarker.core.Expression.evalAndCoerceToString(Expression.java:115)
	at freemarker.core.DollarVariable.accept(DollarVariable.java:76)
	at freemarker.core.Environment.visit(Environment.java:265)
	at freemarker.core.MixedContent.accept(MixedContent.java:93)
	at freemarker.core.Environment.visit(Environment.java:265)
	at freemarker.core.Environment$1.render(Environment.java:313)
	at cn.dreampie.shiro.freemarker.SecureTag.renderBody(SecureTag.java:41)
	at cn.dreampie.shiro.freemarker.AuthenticatedTag.render(AuthenticatedTag.java:37)
	at cn.dreampie.shiro.freemarker.SecureTag.execute(SecureTag.java:17)
	at freemarker.core.Environment.visit(Environment.java:341)
	at freemarker.core.UnifiedCall.accept(UnifiedCall.java:136)
	at freemarker.core.Environment.visit(Environment.java:265)
	at freemarker.core.MixedContent.accept(MixedContent.java:93)
	at freemarker.core.Environment.visit(Environment.java:265)
	at freemarker.core.Environment.include(Environment.java:1712)
	at freemarker.core.Include.accept(Include.java:172)
	at freemarker.core.Environment.visit(Environment.java:265)
	at freemarker.core.MixedContent.accept(MixedContent.java:93)
	at freemarker.core.Environment.visit(Environment.java:265)
	at freemarker.core.Macro$Context.runMacro(Macro.java:209)
	at freemarker.core.Environment.visit(Environment.java:694)
	at freemarker.core.UnifiedCall.accept(UnifiedCall.java:116)
	at freemarker.core.Environment.visit(Environment.java:265)
	at freemarker.core.MixedContent.accept(MixedContent.java:93)
	at freemarker.core.Environment.visit(Environment.java:265)
	at freemarker.core.Environment.process(Environment.java:243)
	at freemarker.template.Template.process(Template.java:277)
	at com.jfinal.render.FreeMarkerRender.render(FreeMarkerRender.java:128)
	... 40 more

2015-04-17 17:40:38
[INFO]-[Thread: main]-[org.eclipse.jetty.server.Server.doStart()]: jetty-8.1.8.v20121106

2015-04-17 17:40:38
[INFO]-[Thread: main]-[org.eclipse.jetty.server.handler.ContextHandler.callContextInitialized()]: started o.e.j.w.WebAppContext{/,file:/E:/eclipse/workspace/fire/src/main/webapp/}

2015-04-17 17:40:38
[INFO]-[Thread: main]-[org.eclipse.jetty.server.handler.ContextHandler.callContextInitialized()]: started o.e.j.w.WebAppContext{/,file:/E:/eclipse/workspace/fire/src/main/webapp/}

2015-04-17 17:40:38
[INFO]-[Thread: main]-[org.eclipse.jetty.server.handler.ContextHandler$Context.log()]: Initializing Shiro environment

2015-04-17 17:40:38
[INFO]-[Thread: main]-[org.apache.shiro.web.env.EnvironmentLoader.initEnvironment()]: Starting Shiro environment initialization.

2015-04-17 17:40:38
[INFO]-[Thread: main]-[org.apache.shiro.config.ReflectionBuilder.createNewInstance()]: An instance with name 'authc' already exists.  Redefining this object as a new instance of type cn.dreampie.shiro.ShiroFormAuthenticationFilter

2015-04-17 17:40:38
[INFO]-[Thread: main]-[org.apache.shiro.cache.ehcache.EhCacheManager.getCache()]: Using existing EHCache named [jdbcRealm.authorizationCache]

2015-04-17 17:40:38
[INFO]-[Thread: main]-[org.apache.shiro.config.IniSecurityManagerFactory.isAutoApplyRealms()]: Realms have been explicitly set on the SecurityManager instance - auto-setting of realms will not occur.

2015-04-17 17:40:39
[INFO]-[Thread: main]-[org.apache.shiro.web.env.EnvironmentLoader.initEnvironment()]: Shiro environment initialized in 515 ms.

2015-04-17 17:40:39
[INFO]-[Thread: main]-[org.eclipse.jetty.server.handler.ContextHandler.callContextInitialized()]: started o.e.j.w.WebAppContext{/,file:/E:/eclipse/workspace/fire/src/main/webapp/}

2015-04-17 17:40:39
[INFO]-[Thread: main]-[com.alibaba.druid.pool.DruidDataSource.init()]: {dataSource-1} inited

2015-04-17 17:40:39
[INFO]-[Thread: main]-[org.quartz.impl.StdSchedulerFactory.instantiate()]: Using default implementation for ThreadExecutor

2015-04-17 17:40:40
[INFO]-[Thread: main]-[org.quartz.core.SchedulerSignalerImpl.<init>()]: Initialized Scheduler Signaller of type: class org.quartz.core.SchedulerSignalerImpl

2015-04-17 17:40:40
[INFO]-[Thread: main]-[org.quartz.core.QuartzScheduler.<init>()]: Quartz Scheduler v.2.2.1 created.

2015-04-17 17:40:40
[INFO]-[Thread: main]-[org.quartz.simpl.RAMJobStore.initialize()]: RAMJobStore initialized.

2015-04-17 17:40:40
[INFO]-[Thread: main]-[org.quartz.core.QuartzScheduler.initialize()]: Scheduler meta-data: Quartz Scheduler (v2.2.1) 'defaultScheduler' with instanceId 'default'
  Scheduler class: 'org.quartz.core.QuartzScheduler' - running locally.
  NOT STARTED.
  Currently in standby mode.
  Number of jobs executed: 0
  Using thread pool 'org.quartz.simpl.SimpleThreadPool' - with 5 threads.
  Using job-store 'org.quartz.simpl.RAMJobStore' - which does not support persistence. and is not clustered.


2015-04-17 17:40:40
[INFO]-[Thread: main]-[org.quartz.impl.StdSchedulerFactory.instantiate()]: Quartz scheduler 'defaultScheduler' initialized from an externally provided properties instance.

2015-04-17 17:40:40
[INFO]-[Thread: main]-[org.quartz.impl.StdSchedulerFactory.instantiate()]: Quartz scheduler version: 2.2.1

2015-04-17 17:40:40
[INFO]-[Thread: main]-[org.quartz.core.QuartzScheduler.start()]: Scheduler defaultScheduler_$_default started.

2015-04-17 17:40:40
[INFO]-[Thread: main]-[com.poicom.common.config.AppConfig.configHandler()]: configHandler 全局配置处理器，主要是记录日志和request域值处理

2015-04-17 17:40:40
[INFO]-[Thread: main]-[com.poicom.common.config.AppConfig.afterJFinalStart()]: afterJFinalStart 启动操作日志入库线程

2015-04-17 17:40:40
[INFO]-[Thread: main]-[org.eclipse.jetty.server.AbstractConnector.doStart()]: Started SelectChannelConnector@0.0.0.0:80

2015-04-17 17:40:42
[INFO]-[Thread: qtp4118924-34]-[org.apache.shiro.cache.ehcache.EhCacheManager.getCache()]: Using existing EHCache named [shiro-activeSessionCache]

2015-04-17 17:42:27
[ERROR]-[Thread: qtp4118924-33]-[freemarker.log._Log4JLoggerFactory$Log4JLogger.error()]: Error executing FreeMarker template
FreeMarker template error:
Error parsing included template "page/common/_header.html":
Parsing error in template "page/common/_header.html" in line 127, column 207:
Encountered "[", but was expecting one of:
    "false"
    "true"
    <LESS_THAN>
    <LESS_THAN_EQUALS>
    <ESCAPED_GT>
    <ESCAPED_GTE>
    "*"
    "**"
    "in"
    "as"
    "using"
    <ID>

The failing instruction (FTL stack trace):
----------
==> #include "/page/common/_header.html"  [in template "page/common/_layout.html" in macro "layout" at line 14, column 9]
    @layout activebar="index" html_title=...  [in template "page/index/index.html" at line 2, column 1]
----------

Java stack trace (for programmers):
----------
freemarker.core._MiscTemplateException: [... Exception message was already printed; see it above ...]
	at freemarker.core.Include.accept(Include.java:162)
	at freemarker.core.Environment.visit(Environment.java:265)
	at freemarker.core.MixedContent.accept(MixedContent.java:93)
	at freemarker.core.Environment.visit(Environment.java:265)
	at freemarker.core.Macro$Context.runMacro(Macro.java:209)
	at freemarker.core.Environment.visit(Environment.java:694)
	at freemarker.core.UnifiedCall.accept(UnifiedCall.java:116)
	at freemarker.core.Environment.visit(Environment.java:265)
	at freemarker.core.MixedContent.accept(MixedContent.java:93)
	at freemarker.core.Environment.visit(Environment.java:265)
	at freemarker.core.Environment.process(Environment.java:243)
	at freemarker.template.Template.process(Template.java:277)
	at com.jfinal.render.FreeMarkerRender.render(FreeMarkerRender.java:128)
	at com.poicom.common.freemarker.MyFreeMarkerRender.render(MyFreeMarkerRender.java:27)
	at com.jfinal.core.ActionHandler.handle(ActionHandler.java:92)
	at com.jfinal.ext.handler.ContextPathHandler.handle(ContextPathHandler.java:47)
	at com.jfinal.core.JFinalFilter.doFilter(JFinalFilter.java:72)
	at org.eclipse.jetty.servlet.ServletHandler$CachedChain.doFilter(ServletHandler.java:1307)
	at org.apache.shiro.web.servlet.ProxiedFilterChain.doFilter(ProxiedFilterChain.java:61)
	at org.apache.shiro.web.servlet.AdviceFilter.executeChain(AdviceFilter.java:108)
	at org.apache.shiro.web.servlet.AdviceFilter.doFilterInternal(AdviceFilter.java:137)
	at org.apache.shiro.web.servlet.OncePerRequestFilter.doFilter(OncePerRequestFilter.java:125)
	at org.apache.shiro.web.servlet.ProxiedFilterChain.doFilter(ProxiedFilterChain.java:66)
	at org.apache.shiro.web.servlet.AbstractShiroFilter.executeChain(AbstractShiroFilter.java:449)
	at org.apache.shiro.web.servlet.AbstractShiroFilter$1.call(AbstractShiroFilter.java:365)
	at org.apache.shiro.subject.support.SubjectCallable.doCall(SubjectCallable.java:90)
	at org.apache.shiro.subject.support.SubjectCallable.call(SubjectCallable.java:83)
	at org.apache.shiro.subject.support.DelegatingSubject.execute(DelegatingSubject.java:383)
	at org.apache.shiro.web.servlet.AbstractShiroFilter.doFilterInternal(AbstractShiroFilter.java:362)
	at org.apache.shiro.web.servlet.OncePerRequestFilter.doFilter(OncePerRequestFilter.java:125)
	at org.eclipse.jetty.servlet.ServletHandler$CachedChain.doFilter(ServletHandler.java:1307)
	at org.eclipse.jetty.servlet.ServletHandler.doHandle(ServletHandler.java:453)
	at org.eclipse.jetty.server.handler.ScopedHandler.handle(ScopedHandler.java:137)
	at org.eclipse.jetty.security.SecurityHandler.handle(SecurityHandler.java:560)
	at org.eclipse.jetty.server.session.SessionHandler.doHandle(SessionHandler.java:231)
	at org.eclipse.jetty.server.handler.ContextHandler.doHandle(ContextHandler.java:1072)
	at org.eclipse.jetty.servlet.ServletHandler.doScope(ServletHandler.java:382)
	at org.eclipse.jetty.server.session.SessionHandler.doScope(SessionHandler.java:193)
	at org.eclipse.jetty.server.handler.ContextHandler.doScope(ContextHandler.java:1006)
	at org.eclipse.jetty.server.handler.ScopedHandler.handle(ScopedHandler.java:135)
	at org.eclipse.jetty.server.handler.HandlerWrapper.handle(HandlerWrapper.java:116)
	at org.eclipse.jetty.server.Server.handle(Server.java:365)
	at org.eclipse.jetty.server.AbstractHttpConnection.handleRequest(AbstractHttpConnection.java:485)
	at org.eclipse.jetty.server.AbstractHttpConnection.headerComplete(AbstractHttpConnection.java:926)
	at org.eclipse.jetty.server.AbstractHttpConnection$RequestHandler.headerComplete(AbstractHttpConnection.java:988)
	at org.eclipse.jetty.http.HttpParser.parseNext(HttpParser.java:635)
	at org.eclipse.jetty.http.HttpParser.parseAvailable(HttpParser.java:235)
	at org.eclipse.jetty.server.AsyncHttpConnection.handle(AsyncHttpConnection.java:82)
	at org.eclipse.jetty.io.nio.SelectChannelEndPoint.handle(SelectChannelEndPoint.java:628)
	at org.eclipse.jetty.io.nio.SelectChannelEndPoint$1.run(SelectChannelEndPoint.java:52)
	at org.eclipse.jetty.util.thread.QueuedThreadPool.runJob(QueuedThreadPool.java:608)
	at org.eclipse.jetty.util.thread.QueuedThreadPool$3.run(QueuedThreadPool.java:543)
	at java.lang.Thread.run(Unknown Source)
Caused by: freemarker.core.ParseException: Parsing error in template "page/common/_header.html" in line 127, column 207:
Encountered "[", but was expecting one of:
    "false"
    "true"
    <LESS_THAN>
    <LESS_THAN_EQUALS>
    <ESCAPED_GT>
    <ESCAPED_GTE>
    "*"
    "**"
    "in"
    "as"
    "using"
    <ID>
	at freemarker.core.FMParser.generateParseException(FMParser.java:4672)
	at freemarker.core.FMParser.jj_consume_token(FMParser.java:4543)
	at freemarker.core.FMParser.DotVariable(FMParser.java:882)
	at freemarker.core.FMParser.AddSubExpression(FMParser.java:734)
	at freemarker.core.FMParser.PrimaryExpression(FMParser.java:290)
	at freemarker.core.FMParser.UnaryExpression(FMParser.java:336)
	at freemarker.core.FMParser.MultiplicativeExpression(FMParser.java:452)
	at freemarker.core.FMParser.AdditiveExpression(FMParser.java:402)
	at freemarker.core.FMParser.RangeExpression(FMParser.java:573)
	at freemarker.core.FMParser.RelationalExpression(FMParser.java:528)
	at freemarker.core.FMParser.EqualityExpression(FMParser.java:493)
	at freemarker.core.FMParser.AndExpression(FMParser.java:602)
	at freemarker.core.FMParser.OrExpression(FMParser.java:625)
	at freemarker.core.FMParser.Expression(FMParser.java:238)
	at freemarker.core.FMParser.Parenthesis(FMParser.java:300)
	at freemarker.core.FMParser.PrimaryExpression(FMParser.java:273)
	at freemarker.core.FMParser.UnaryExpression(FMParser.java:336)
	at freemarker.core.FMParser.MultiplicativeExpression(FMParser.java:452)
	at freemarker.core.FMParser.AdditiveExpression(FMParser.java:402)
	at freemarker.core.FMParser.RangeExpression(FMParser.java:573)
	at freemarker.core.FMParser.RelationalExpression(FMParser.java:528)
	at freemarker.core.FMParser.EqualityExpression(FMParser.java:493)
	at freemarker.core.FMParser.AndExpression(FMParser.java:602)
	at freemarker.core.FMParser.OrExpression(FMParser.java:625)
	at freemarker.core.FMParser.Expression(FMParser.java:238)
	at freemarker.core.FMParser.StringOutput(FMParser.java:1076)
	at freemarker.core.FMParser.Content(FMParser.java:2550)
	at freemarker.core.FMParser.OptionalBlock(FMParser.java:2761)
	at freemarker.core.FMParser.UnifiedMacroTransform(FMParser.java:1953)
	at freemarker.core.FMParser.FreemarkerDirective(FMParser.java:2374)
	at freemarker.core.FMParser.Content(FMParser.java:2593)
	at freemarker.core.FMParser.OptionalBlock(FMParser.java:2761)
	at freemarker.core.FMParser.Root(FMParser.java:2933)
	at freemarker.template.Template.<init>(Template.java:193)
	at freemarker.cache.TemplateCache.loadTemplate(TemplateCache.java:419)
	at freemarker.cache.TemplateCache.getTemplate(TemplateCache.java:330)
	at freemarker.cache.TemplateCache.getTemplate(TemplateCache.java:205)
	at freemarker.template.Configuration.getTemplate(Configuration.java:740)
	at freemarker.core.Environment.getTemplateForInclusion(Environment.java:1694)
	at freemarker.core.Include.accept(Include.java:159)
	... 52 more

2015-04-17 17:42:27
[ERROR]-[Thread: qtp4118924-33]-[com.jfinal.core.ActionHandler.handle()]: /
com.jfinal.render.RenderException: freemarker.core._MiscTemplateException: Error parsing included template "page/common/_header.html":
Parsing error in template "page/common/_header.html" in line 127, column 207:
Encountered "[", but was expecting one of:
    "false"
    "true"
    <LESS_THAN>
    <LESS_THAN_EQUALS>
    <ESCAPED_GT>
    <ESCAPED_GTE>
    "*"
    "**"
    "in"
    "as"
    "using"
    <ID>

The failing instruction (print stack trace for 1 more):
==> #include "/page/common/_header.html"  [in template "page/common/_layout.html" in macro "layout" at line 14, column 9]
	at com.jfinal.render.FreeMarkerRender.render(FreeMarkerRender.java:130)
	at com.poicom.common.freemarker.MyFreeMarkerRender.render(MyFreeMarkerRender.java:27)
	at com.jfinal.core.ActionHandler.handle(ActionHandler.java:92)
	at com.jfinal.ext.handler.ContextPathHandler.handle(ContextPathHandler.java:47)
	at com.jfinal.core.JFinalFilter.doFilter(JFinalFilter.java:72)
	at org.eclipse.jetty.servlet.ServletHandler$CachedChain.doFilter(ServletHandler.java:1307)
	at org.apache.shiro.web.servlet.ProxiedFilterChain.doFilter(ProxiedFilterChain.java:61)
	at org.apache.shiro.web.servlet.AdviceFilter.executeChain(AdviceFilter.java:108)
	at org.apache.shiro.web.servlet.AdviceFilter.doFilterInternal(AdviceFilter.java:137)
	at org.apache.shiro.web.servlet.OncePerRequestFilter.doFilter(OncePerRequestFilter.java:125)
	at org.apache.shiro.web.servlet.ProxiedFilterChain.doFilter(ProxiedFilterChain.java:66)
	at org.apache.shiro.web.servlet.AbstractShiroFilter.executeChain(AbstractShiroFilter.java:449)
	at org.apache.shiro.web.servlet.AbstractShiroFilter$1.call(AbstractShiroFilter.java:365)
	at org.apache.shiro.subject.support.SubjectCallable.doCall(SubjectCallable.java:90)
	at org.apache.shiro.subject.support.SubjectCallable.call(SubjectCallable.java:83)
	at org.apache.shiro.subject.support.DelegatingSubject.execute(DelegatingSubject.java:383)
	at org.apache.shiro.web.servlet.AbstractShiroFilter.doFilterInternal(AbstractShiroFilter.java:362)
	at org.apache.shiro.web.servlet.OncePerRequestFilter.doFilter(OncePerRequestFilter.java:125)
	at org.eclipse.jetty.servlet.ServletHandler$CachedChain.doFilter(ServletHandler.java:1307)
	at org.eclipse.jetty.servlet.ServletHandler.doHandle(ServletHandler.java:453)
	at org.eclipse.jetty.server.handler.ScopedHandler.handle(ScopedHandler.java:137)
	at org.eclipse.jetty.security.SecurityHandler.handle(SecurityHandler.java:560)
	at org.eclipse.jetty.server.session.SessionHandler.doHandle(SessionHandler.java:231)
	at org.eclipse.jetty.server.handler.ContextHandler.doHandle(ContextHandler.java:1072)
	at org.eclipse.jetty.servlet.ServletHandler.doScope(ServletHandler.java:382)
	at org.eclipse.jetty.server.session.SessionHandler.doScope(SessionHandler.java:193)
	at org.eclipse.jetty.server.handler.ContextHandler.doScope(ContextHandler.java:1006)
	at org.eclipse.jetty.server.handler.ScopedHandler.handle(ScopedHandler.java:135)
	at org.eclipse.jetty.server.handler.HandlerWrapper.handle(HandlerWrapper.java:116)
	at org.eclipse.jetty.server.Server.handle(Server.java:365)
	at org.eclipse.jetty.server.AbstractHttpConnection.handleRequest(AbstractHttpConnection.java:485)
	at org.eclipse.jetty.server.AbstractHttpConnection.headerComplete(AbstractHttpConnection.java:926)
	at org.eclipse.jetty.server.AbstractHttpConnection$RequestHandler.headerComplete(AbstractHttpConnection.java:988)
	at org.eclipse.jetty.http.HttpParser.parseNext(HttpParser.java:635)
	at org.eclipse.jetty.http.HttpParser.parseAvailable(HttpParser.java:235)
	at org.eclipse.jetty.server.AsyncHttpConnection.handle(AsyncHttpConnection.java:82)
	at org.eclipse.jetty.io.nio.SelectChannelEndPoint.handle(SelectChannelEndPoint.java:628)
	at org.eclipse.jetty.io.nio.SelectChannelEndPoint$1.run(SelectChannelEndPoint.java:52)
	at org.eclipse.jetty.util.thread.QueuedThreadPool.runJob(QueuedThreadPool.java:608)
	at org.eclipse.jetty.util.thread.QueuedThreadPool$3.run(QueuedThreadPool.java:543)
	at java.lang.Thread.run(Unknown Source)
Caused by: freemarker.core._MiscTemplateException: Error parsing included template "page/common/_header.html":
Parsing error in template "page/common/_header.html" in line 127, column 207:
Encountered "[", but was expecting one of:
    "false"
    "true"
    <LESS_THAN>
    <LESS_THAN_EQUALS>
    <ESCAPED_GT>
    <ESCAPED_GTE>
    "*"
    "**"
    "in"
    "as"
    "using"
    <ID>

The failing instruction (print stack trace for 1 more):
==> #include "/page/common/_header.html"  [in template "page/common/_layout.html" in macro "layout" at line 14, column 9]
	at freemarker.core.Include.accept(Include.java:162)
	at freemarker.core.Environment.visit(Environment.java:265)
	at freemarker.core.MixedContent.accept(MixedContent.java:93)
	at freemarker.core.Environment.visit(Environment.java:265)
	at freemarker.core.Macro$Context.runMacro(Macro.java:209)
	at freemarker.core.Environment.visit(Environment.java:694)
	at freemarker.core.UnifiedCall.accept(UnifiedCall.java:116)
	at freemarker.core.Environment.visit(Environment.java:265)
	at freemarker.core.MixedContent.accept(MixedContent.java:93)
	at freemarker.core.Environment.visit(Environment.java:265)
	at freemarker.core.Environment.process(Environment.java:243)
	at freemarker.template.Template.process(Template.java:277)
	at com.jfinal.render.FreeMarkerRender.render(FreeMarkerRender.java:128)
	... 40 more
Caused by: freemarker.core.ParseException: Parsing error in template "page/common/_header.html" in line 127, column 207:
Encountered "[", but was expecting one of:
    "false"
    "true"
    <LESS_THAN>
    <LESS_THAN_EQUALS>
    <ESCAPED_GT>
    <ESCAPED_GTE>
    "*"
    "**"
    "in"
    "as"
    "using"
    <ID>
	at freemarker.core.FMParser.generateParseException(FMParser.java:4672)
	at freemarker.core.FMParser.jj_consume_token(FMParser.java:4543)
	at freemarker.core.FMParser.DotVariable(FMParser.java:882)
	at freemarker.core.FMParser.AddSubExpression(FMParser.java:734)
	at freemarker.core.FMParser.PrimaryExpression(FMParser.java:290)
	at freemarker.core.FMParser.UnaryExpression(FMParser.java:336)
	at freemarker.core.FMParser.MultiplicativeExpression(FMParser.java:452)
	at freemarker.core.FMParser.AdditiveExpression(FMParser.java:402)
	at freemarker.core.FMParser.RangeExpression(FMParser.java:573)
	at freemarker.core.FMParser.RelationalExpression(FMParser.java:528)
	at freemarker.core.FMParser.EqualityExpression(FMParser.java:493)
	at freemarker.core.FMParser.AndExpression(FMParser.java:602)
	at freemarker.core.FMParser.OrExpression(FMParser.java:625)
	at freemarker.core.FMParser.Expression(FMParser.java:238)
	at freemarker.core.FMParser.Parenthesis(FMParser.java:300)
	at freemarker.core.FMParser.PrimaryExpression(FMParser.java:273)
	at freemarker.core.FMParser.UnaryExpression(FMParser.java:336)
	at freemarker.core.FMParser.MultiplicativeExpression(FMParser.java:452)
	at freemarker.core.FMParser.AdditiveExpression(FMParser.java:402)
	at freemarker.core.FMParser.RangeExpression(FMParser.java:573)
	at freemarker.core.FMParser.RelationalExpression(FMParser.java:528)
	at freemarker.core.FMParser.EqualityExpression(FMParser.java:493)
	at freemarker.core.FMParser.AndExpression(FMParser.java:602)
	at freemarker.core.FMParser.OrExpression(FMParser.java:625)
	at freemarker.core.FMParser.Expression(FMParser.java:238)
	at freemarker.core.FMParser.StringOutput(FMParser.java:1076)
	at freemarker.core.FMParser.Content(FMParser.java:2550)
	at freemarker.core.FMParser.OptionalBlock(FMParser.java:2761)
	at freemarker.core.FMParser.UnifiedMacroTransform(FMParser.java:1953)
	at freemarker.core.FMParser.FreemarkerDirective(FMParser.java:2374)
	at freemarker.core.FMParser.Content(FMParser.java:2593)
	at freemarker.core.FMParser.OptionalBlock(FMParser.java:2761)
	at freemarker.core.FMParser.Root(FMParser.java:2933)
	at freemarker.template.Template.<init>(Template.java:193)
	at freemarker.cache.TemplateCache.loadTemplate(TemplateCache.java:419)
	at freemarker.cache.TemplateCache.getTemplate(TemplateCache.java:330)
	at freemarker.cache.TemplateCache.getTemplate(TemplateCache.java:205)
	at freemarker.template.Configuration.getTemplate(Configuration.java:740)
	at freemarker.core.Environment.getTemplateForInclusion(Environment.java:1694)
	at freemarker.core.Include.accept(Include.java:159)
	... 52 more

2015-04-17 17:44:50
[INFO]-[Thread: JFinal-Scanner]-[com.poicom.common.config.AppConfig.beforeJFinalStop()]: beforeJFinalStop 释放日志入库线程

2015-04-17 17:44:50
[INFO]-[Thread: JFinal-Scanner]-[org.quartz.core.QuartzScheduler.shutdown()]: Scheduler defaultScheduler_$_default shutting down.

2015-04-17 17:44:50
[INFO]-[Thread: JFinal-Scanner]-[org.quartz.core.QuartzScheduler.standby()]: Scheduler defaultScheduler_$_default paused.

2015-04-17 17:44:50
[INFO]-[Thread: JFinal-Scanner]-[org.quartz.core.QuartzScheduler.shutdown()]: Scheduler defaultScheduler_$_default shutdown complete.

2015-04-17 17:44:50
[INFO]-[Thread: JFinal-Scanner]-[com.alibaba.druid.pool.DruidDataSource.close()]: {dataSource-1} closed

2015-04-17 17:44:50
[INFO]-[Thread: JFinal-Scanner]-[org.eclipse.jetty.server.handler.ContextHandler$Context.log()]: Cleaning up Shiro Environment

2015-04-17 17:44:50
[INFO]-[Thread: JFinal-Scanner]-[org.eclipse.jetty.servlet.listener.ELContextCleaner.contextDestroyed()]: javax.el.BeanELResolver purged

2015-04-17 17:44:50
[INFO]-[Thread: JFinal-Scanner]-[org.eclipse.jetty.server.handler.ContextHandler.doStop()]: stopped o.e.j.w.WebAppContext{/,file:/E:/eclipse/workspace/fire/src/main/webapp/}

2015-04-17 17:44:51
[INFO]-[Thread: JFinal-Scanner]-[org.eclipse.jetty.server.handler.ContextHandler.callContextInitialized()]: started o.e.j.w.WebAppContext{/,file:/E:/eclipse/workspace/fire/src/main/webapp/}

2015-04-17 17:44:51
[INFO]-[Thread: JFinal-Scanner]-[org.eclipse.jetty.server.handler.ContextHandler.callContextInitialized()]: started o.e.j.w.WebAppContext{/,file:/E:/eclipse/workspace/fire/src/main/webapp/}

2015-04-17 17:44:51
[INFO]-[Thread: JFinal-Scanner]-[org.eclipse.jetty.server.handler.ContextHandler$Context.log()]: Initializing Shiro environment

2015-04-17 17:44:51
[INFO]-[Thread: JFinal-Scanner]-[org.apache.shiro.web.env.EnvironmentLoader.initEnvironment()]: Starting Shiro environment initialization.

2015-04-17 17:44:51
[INFO]-[Thread: JFinal-Scanner]-[org.apache.shiro.config.ReflectionBuilder.createNewInstance()]: An instance with name 'authc' already exists.  Redefining this object as a new instance of type cn.dreampie.shiro.ShiroFormAuthenticationFilter

2015-04-17 17:44:51
[INFO]-[Thread: JFinal-Scanner]-[org.apache.shiro.cache.ehcache.EhCacheManager.getCache()]: Using existing EHCache named [jdbcRealm.authorizationCache]

2015-04-17 17:44:51
[INFO]-[Thread: JFinal-Scanner]-[org.apache.shiro.config.IniSecurityManagerFactory.isAutoApplyRealms()]: Realms have been explicitly set on the SecurityManager instance - auto-setting of realms will not occur.

2015-04-17 17:44:51
[INFO]-[Thread: JFinal-Scanner]-[org.apache.shiro.web.env.EnvironmentLoader.initEnvironment()]: Shiro environment initialized in 435 ms.

2015-04-17 17:44:51
[INFO]-[Thread: JFinal-Scanner]-[org.eclipse.jetty.server.handler.ContextHandler.callContextInitialized()]: started o.e.j.w.WebAppContext{/,file:/E:/eclipse/workspace/fire/src/main/webapp/}

2015-04-17 17:44:52
[INFO]-[Thread: JFinal-Scanner]-[com.alibaba.druid.pool.DruidDataSource.init()]: {dataSource-1} inited

2015-04-17 17:44:52
[INFO]-[Thread: JFinal-Scanner]-[org.quartz.impl.StdSchedulerFactory.instantiate()]: Using default implementation for ThreadExecutor

2015-04-17 17:44:52
[INFO]-[Thread: JFinal-Scanner]-[org.quartz.core.SchedulerSignalerImpl.<init>()]: Initialized Scheduler Signaller of type: class org.quartz.core.SchedulerSignalerImpl

2015-04-17 17:44:52
[INFO]-[Thread: JFinal-Scanner]-[org.quartz.core.QuartzScheduler.<init>()]: Quartz Scheduler v.2.2.1 created.

2015-04-17 17:44:52
[INFO]-[Thread: JFinal-Scanner]-[org.quartz.simpl.RAMJobStore.initialize()]: RAMJobStore initialized.

2015-04-17 17:44:52
[INFO]-[Thread: JFinal-Scanner]-[org.quartz.core.QuartzScheduler.initialize()]: Scheduler meta-data: Quartz Scheduler (v2.2.1) 'defaultScheduler' with instanceId 'default'
  Scheduler class: 'org.quartz.core.QuartzScheduler' - running locally.
  NOT STARTED.
  Currently in standby mode.
  Number of jobs executed: 0
  Using thread pool 'org.quartz.simpl.SimpleThreadPool' - with 5 threads.
  Using job-store 'org.quartz.simpl.RAMJobStore' - which does not support persistence. and is not clustered.


2015-04-17 17:44:52
[INFO]-[Thread: JFinal-Scanner]-[org.quartz.impl.StdSchedulerFactory.instantiate()]: Quartz scheduler 'defaultScheduler' initialized from an externally provided properties instance.

2015-04-17 17:44:52
[INFO]-[Thread: JFinal-Scanner]-[org.quartz.impl.StdSchedulerFactory.instantiate()]: Quartz scheduler version: 2.2.1

2015-04-17 17:44:52
[INFO]-[Thread: JFinal-Scanner]-[org.quartz.core.QuartzScheduler.start()]: Scheduler defaultScheduler_$_default started.

2015-04-17 17:44:52
[INFO]-[Thread: JFinal-Scanner]-[com.poicom.common.config.AppConfig.configHandler()]: configHandler 全局配置处理器，主要是记录日志和request域值处理

2015-04-17 17:44:52
[INFO]-[Thread: JFinal-Scanner]-[com.poicom.common.config.AppConfig.afterJFinalStart()]: afterJFinalStart 启动操作日志入库线程

2015-04-17 17:48:11
[INFO]-[Thread: qtp4118924-35]-[org.apache.shiro.cache.ehcache.EhCacheManager.getCache()]: Using existing EHCache named [shiro-activeSessionCache]
